<?xml version="1.0" encoding="UTF-8"?>
<!-- Generated by org.testng.reporters.JUnitReportReporter -->
<testsuite hostname="DESKTOP-EP1U8J0" name="in.automationtesting.demo.TestRegister" tests="1" failures="0" timestamp="7 Jul 2019 05:07:20 GMT" time="19.219" errors="0">
  <testcase name="testApplication" time="19.219" classname="in.automationtesting.demo.TestRegister"/>
</testsuite> <!-- in.automationtesting.demo.TestRegister -->
