<?xml version="1.0" encoding="UTF-8"?>
<!-- Generated by org.testng.reporters.JUnitReportReporter -->
<testsuite hostname="DESKTOP-EP1U8J0" name="automation.source.BaseTest" tests="1" failures="0" timestamp="7 Jul 2019 13:50:54 GMT" time="11.342" errors="0">
  <testcase name="testprop" time="11.342" classname="automation.source.BaseTest"/>
</testsuite> <!-- automation.source.BaseTest -->
