<?xml version="1.0" encoding="UTF-8"?>
<!-- Generated by org.testng.reporters.JUnitReportReporter -->
<testsuite name="practice.example.SamplExample" tests="1" time="0.035" ignored="0" failures="0" timestamp="31 Aug 2019 05:35:28 GMT" skipped="0" hostname="DESKTOP-EP1U8J0" errors="0">
  <testcase name="testCase1" time="0.035" classname="practice.example.SamplExample"/>
</testsuite> <!-- practice.example.SamplExample -->
